[debug] [2022-05-01T21:14:40.195Z] ----------------------------------------------------------------------
[debug] [2022-05-01T21:14:40.196Z] Command:       /usr/local/bin/node /usr/local/bin/firebase init
[debug] [2022-05-01T21:14:40.196Z] CLI Version:   10.7.2
[debug] [2022-05-01T21:14:40.197Z] Platform:      darwin
[debug] [2022-05-01T21:14:40.197Z] Node Version:  v16.14.2
[debug] [2022-05-01T21:14:40.200Z] Time:          Sun May 01 2022 22:14:40 GMT+0100 (West Africa Standard Time)
[debug] [2022-05-01T21:14:40.200Z] ----------------------------------------------------------------------
[debug] 
[debug] [2022-05-01T21:14:40.230Z] > command requires scopes: ["email","openid","https://www.googleapis.com/auth/cloudplatformprojects.readonly","https://www.googleapis.com/auth/firebase","https://www.googleapis.com/auth/cloud-platform"]
[debug] [2022-05-01T21:14:40.230Z] > authorizing via signed-in user (adigunibrahim574@gmail.com)
[info] 
     ######## #### ########  ######## ########     ###     ######  ########
     ##        ##  ##     ## ##       ##     ##  ##   ##  ##       ##
     ######    ##  ########  ######   ########  #########  ######  ######
     ##        ##  ##    ##  ##       ##     ## ##     ##       ## ##
     ##       #### ##     ## ######## ########  ##     ##  ######  ########

You're about to initialize a Firebase project in this directory:

  /Users/adigun

Before we get started, keep in mind:

  * You are initializing within an existing Firebase project directory

